==> Vault server configuration:

             Api Address: http://127.0.0.1:8200
                     Cgo: disabled
         Cluster Address: https://127.0.0.1:8201
   Environment Variables: COLORTERM, COMMAND_MODE, CONDA_DEFAULT_ENV, CONDA_EXE, CONDA_PREFIX, CONDA_PROMPT_MODIFIER, CONDA_PYTHON_EXE, CONDA_SHLVL, GIT_ASKPASS, GODEBUG, HOME, HOMEBREW_CELLAR, HOMEBREW_PREFIX, HOMEBREW_REPOSITORY, INFOPATH, JAVA_HOME, LANG, LOGNAME, MANPATH, MVN_HOME, MallocNanoZone, ORIGINAL_XDG_CURRENT_DESKTOP, PATH, PWD, SHELL, SHLVL, SSH_AUTH_SOCK, TERM, TERM_PROGRAM, TERM_PROGRAM_VERSION, TMPDIR, USER, VSCODE_GIT_ASKPASS_EXTRA_ARGS, VSCODE_GIT_ASKPASS_MAIN, VSCODE_GIT_ASKPASS_NODE, VSCODE_GIT_IPC_HANDLE, VSCODE_INJECTION, XPC_FLAGS, XPC_SERVICE_NAME, ZDOTDIR, _, _CE_CONDA, _CE_M, __CFBundleIdentifier, __CF_USER_TEXT_ENCODING
              Go Version: go1.20.3
              Listener 1: tcp (addr: "127.0.0.1:8200", cluster address: "127.0.0.1:8201", max_request_duration: "1m30s", max_request_size: "33554432", tls: "disabled")
               Log Level: 
                   Mlock: supported: false, enabled: false
           Recovery Mode: false
                 Storage: raft (HA available)
                 Version: Vault v1.13.2, built 2023-04-25T13:02:50Z
             Version Sha: b9b773f1628260423e6cc9745531fd903cae853f

==> Vault server started! Log data will stream in below:

2023-05-11T22:32:36.057+0100 [INFO]  proxy environment: http_proxy="" https_proxy="" no_proxy=""
2023-05-11T22:32:36.190+0100 [INFO]  core: Initializing version history cache for core
2023-05-11T22:32:45.728+0100 [INFO]  core: security barrier not initialized
2023-05-11T22:32:45.780+0100 [INFO]  storage.raft: creating Raft: config="&raft.Config{ProtocolVersion:3, HeartbeatTimeout:5000000000, ElectionTimeout:5000000000, CommitTimeout:50000000, MaxAppendEntries:64, BatchApplyCh:true, ShutdownOnRemove:true, TrailingLogs:0x2800, SnapshotInterval:120000000000, SnapshotThreshold:0x2000, LeaderLeaseTimeout:2500000000, LocalID:\"node5\", NotifyCh:(chan<- bool)(0x14000084620), LogOutput:io.Writer(nil), LogLevel:\"DEBUG\", Logger:(*hclog.interceptLogger)(0x14000c0dce0), NoSnapshotRestoreOnStart:true, skipStartup:false}"
2023-05-11T22:32:45.789+0100 [INFO]  storage.raft: initial configuration: index=1 servers="[{Suffrage:Voter ID:node5 Address:127.0.0.1:8201}]"
2023-05-11T22:32:45.789+0100 [INFO]  storage.raft: entering follower state: follower="Node at node5 [Follower]" leader-address= leader-id=
2023-05-11T22:32:55.050+0100 [WARN]  storage.raft: heartbeat timeout reached, starting election: last-leader-addr= last-leader-id=
2023-05-11T22:32:55.050+0100 [INFO]  storage.raft: entering candidate state: node="Node at node5 [Candidate]" term=2
2023-05-11T22:32:55.162+0100 [INFO]  storage.raft: election won: term=2 tally=1
2023-05-11T22:32:55.162+0100 [INFO]  storage.raft: entering leader state: leader="Node at node5 [Leader]"
2023-05-11T22:32:55.498+0100 [INFO]  core: security barrier initialized: stored=1 shares=5 threshold=3
2023-05-11T22:32:55.725+0100 [INFO]  core: post-unseal setup starting
2023-05-11T22:32:55.875+0100 [INFO]  core: loaded wrapping token key
2023-05-11T22:32:55.875+0100 [INFO]  core: successfully setup plugin catalog: plugin-directory=""
2023-05-11T22:32:55.875+0100 [INFO]  core: no mounts; adding default mount table
2023-05-11T22:32:56.040+0100 [INFO]  core: successfully mounted: type=cubbyhole version="v1.13.2+builtin.vault" path=cubbyhole/ namespace="ID: root. Path: "
2023-05-11T22:32:56.043+0100 [INFO]  core: successfully mounted: type=system version="v1.13.2+builtin.vault" path=sys/ namespace="ID: root. Path: "
2023-05-11T22:32:56.045+0100 [INFO]  core: successfully mounted: type=identity version="v1.13.2+builtin.vault" path=identity/ namespace="ID: root. Path: "
2023-05-11T22:32:56.416+0100 [INFO]  core: successfully mounted: type=token version="v1.13.2+builtin.vault" path=token/ namespace="ID: root. Path: "
2023-05-11T22:32:56.492+0100 [INFO]  rollback: starting rollback manager
2023-05-11T22:32:56.492+0100 [INFO]  core: restoring leases
2023-05-11T22:32:56.495+0100 [INFO]  expiration: lease restore complete
2023-05-11T22:32:56.651+0100 [INFO]  identity: entities restored
2023-05-11T22:32:56.651+0100 [INFO]  identity: groups restored
2023-05-11T22:32:56.652+0100 [INFO]  core: usage gauge collection is disabled
2023-05-11T22:32:56.725+0100 [INFO]  core: Recorded vault version: vault version=1.13.2 upgrade time="2023-05-11 21:32:56.652542 +0000 UTC" build date=2023-04-25T13:02:50Z
2023-05-11T22:32:57.401+0100 [INFO]  core: post-unseal setup complete
2023-05-11T22:32:57.627+0100 [INFO]  core: root token generated
2023-05-11T22:32:57.707+0100 [INFO]  core: pre-seal teardown starting
2023-05-11T22:32:57.707+0100 [INFO]  core: stopping raft active node
2023-05-11T22:32:57.707+0100 [INFO]  rollback: stopping rollback manager
2023-05-11T22:32:57.708+0100 [INFO]  core: pre-seal teardown complete
2023-05-11T22:32:57.942+0100 [INFO]  core.cluster-listener.tcp: starting listener: listener_address=127.0.0.1:8201
2023-05-11T22:32:57.942+0100 [INFO]  core.cluster-listener: serving cluster requests: cluster_listen_address=127.0.0.1:8201
2023-05-11T22:32:57.942+0100 [INFO]  storage.raft: creating Raft: config="&raft.Config{ProtocolVersion:3, HeartbeatTimeout:15000000000, ElectionTimeout:15000000000, CommitTimeout:50000000, MaxAppendEntries:64, BatchApplyCh:true, ShutdownOnRemove:true, TrailingLogs:0x2800, SnapshotInterval:120000000000, SnapshotThreshold:0x2000, LeaderLeaseTimeout:2500000000, LocalID:\"node5\", NotifyCh:(chan<- bool)(0x1400117cd20), LogOutput:io.Writer(nil), LogLevel:\"DEBUG\", Logger:(*hclog.interceptLogger)(0x14000c0dce0), NoSnapshotRestoreOnStart:true, skipStartup:false}"
2023-05-11T22:32:57.980+0100 [INFO]  storage.raft: initial configuration: index=1 servers="[{Suffrage:Voter ID:node5 Address:127.0.0.1:8201}]"
2023-05-11T22:32:57.980+0100 [INFO]  storage.raft: entering follower state: follower="Node at 127.0.0.1:8201 [Follower]" leader-address= leader-id=
2023-05-11T22:32:57.980+0100 [INFO]  core: vault is unsealed
2023-05-11T22:32:57.980+0100 [WARN]  storage.raft: heartbeat timeout reached, starting election: last-leader-addr= last-leader-id=
2023-05-11T22:32:57.980+0100 [INFO]  storage.raft: entering candidate state: node="Node at 127.0.0.1:8201 [Candidate]" term=3
2023-05-11T22:32:57.980+0100 [INFO]  core: entering standby mode
2023-05-11T22:32:58.087+0100 [INFO]  storage.raft: election won: term=3 tally=1
2023-05-11T22:32:58.087+0100 [INFO]  storage.raft: entering leader state: leader="Node at 127.0.0.1:8201 [Leader]"
2023-05-11T22:32:58.195+0100 [INFO]  core: acquired lock, enabling active operation
2023-05-11T22:32:58.274+0100 [INFO]  core: post-unseal setup starting
2023-05-11T22:32:58.349+0100 [INFO]  core: loaded wrapping token key
2023-05-11T22:32:58.349+0100 [INFO]  core: successfully setup plugin catalog: plugin-directory=""
2023-05-11T22:32:58.351+0100 [INFO]  core: successfully mounted: type=system version="v1.13.2+builtin.vault" path=sys/ namespace="ID: root. Path: "
2023-05-11T22:32:58.352+0100 [INFO]  core: successfully mounted: type=identity version="v1.13.2+builtin.vault" path=identity/ namespace="ID: root. Path: "
2023-05-11T22:32:58.352+0100 [INFO]  core: successfully mounted: type=cubbyhole version="v1.13.2+builtin.vault" path=cubbyhole/ namespace="ID: root. Path: "
2023-05-11T22:32:58.354+0100 [INFO]  core: successfully mounted: type=token version="v1.13.2+builtin.vault" path=token/ namespace="ID: root. Path: "
2023-05-11T22:32:58.354+0100 [INFO]  rollback: starting rollback manager
2023-05-11T22:32:58.355+0100 [INFO]  core: restoring leases
2023-05-11T22:32:58.355+0100 [INFO]  identity: entities restored
2023-05-11T22:32:58.355+0100 [INFO]  identity: groups restored
2023-05-11T22:32:58.355+0100 [INFO]  expiration: lease restore complete
2023-05-11T22:32:58.355+0100 [INFO]  core: starting raft active node
2023-05-11T22:32:58.355+0100 [INFO]  storage.raft: starting autopilot: config="&{false 0 10s 24h0m0s 1000 0 10s false redundancy_zone upgrade_version}" reconcile_interval=0s
2023-05-11T22:32:58.357+0100 [INFO]  core: usage gauge collection is disabled
2023-05-11T22:32:58.430+0100 [INFO]  core: post-unseal setup complete
2023-05-11T22:33:08.444+0100 [INFO]  core: enabled credential backend: path=userpass/ type=userpass version=""
2023-05-11T22:33:08.960+0100 [INFO]  core: successful mount: namespace="" path=kv/ type=kv version=""
2023-05-11T22:33:09.115+0100 [INFO]  core: enabled credential backend: path=oidc/ type=oidc version=""
2023-05-11T22:33:09.960+0100 [INFO]  core: enabled credential backend: path=jwt/ type=jwt version=""
2023-05-12T01:22:51.039+0100 [INFO]  expiration: revoked lease: lease_id=auth/jwt/login/hdbd34392db5f50578806f275a2b0c74cee62ca27c5cecadd19d464df3f7b2459
2023-05-14T18:08:43.712+0100 [INFO]  core.raft: creating new raft TLS config
2023-05-14T18:08:43.907+0100 [INFO]  core.raft: wrote new raft TLS config
2023-05-16T15:07:47.173+0100 [WARN]  core.raft: skipping new raft TLS config creation, keys are pending
2023-05-16T15:12:57.167+0100 [WARN]  core.raft: skipping new raft TLS config creation, keys are pending
2023-05-16T15:18:07.157+0100 [WARN]  core.raft: skipping new raft TLS config creation, keys are pending
2023-05-16T15:23:17.147+0100 [WARN]  core.raft: skipping new raft TLS config creation, keys are pending
2023-05-16T15:28:27.136+0100 [WARN]  core.raft: skipping new raft TLS config creation, keys are pending
2023-05-16T15:33:37.126+0100 [WARN]  core.raft: skipping new raft TLS config creation, keys are pending
2023-05-16T15:38:47.113+0100 [WARN]  core.raft: skipping new raft TLS config creation, keys are pending
2023-05-16T16:13:33.081+0100 [WARN]  core.raft: skipping new raft TLS config creation, keys are pending
2023-05-16T16:18:43.071+0100 [WARN]  core.raft: skipping new raft TLS config creation, keys are pending
2023-05-16T16:23:53.060+0100 [WARN]  core.raft: skipping new raft TLS config creation, keys are pending
2023-05-16T16:29:03.049+0100 [WARN]  core.raft: skipping new raft TLS config creation, keys are pending
2023-05-16T16:34:13.038+0100 [WARN]  core.raft: skipping new raft TLS config creation, keys are pending
2023-05-16T16:39:23.026+0100 [WARN]  core.raft: skipping new raft TLS config creation, keys are pending
2023-05-16T16:44:33.014+0100 [WARN]  core.raft: skipping new raft TLS config creation, keys are pending
2023-05-16T16:49:43.002+0100 [WARN]  core.raft: skipping new raft TLS config creation, keys are pending
2023-05-16T16:54:52.991+0100 [WARN]  core.raft: skipping new raft TLS config creation, keys are pending
2023-05-16T17:00:02.979+0100 [WARN]  core.raft: skipping new raft TLS config creation, keys are pending
2023-05-16T17:05:12.967+0100 [WARN]  core.raft: skipping new raft TLS config creation, keys are pending
2023-05-16T17:10:22.955+0100 [WARN]  core.raft: skipping new raft TLS config creation, keys are pending
2023-05-16T17:15:32.944+0100 [WARN]  core.raft: skipping new raft TLS config creation, keys are pending
2023-05-16T17:23:27.575+0100 [WARN]  core.raft: skipping new raft TLS config creation, keys are pending
2023-05-16T17:28:37.562+0100 [WARN]  core.raft: skipping new raft TLS config creation, keys are pending
2023-05-16T17:33:47.551+0100 [WARN]  core.raft: skipping new raft TLS config creation, keys are pending
2023-05-16T17:38:57.539+0100 [WARN]  core.raft: skipping new raft TLS config creation, keys are pending
2023-05-16T17:44:07.528+0100 [WARN]  core.raft: skipping new raft TLS config creation, keys are pending
2023-05-16T17:49:17.518+0100 [WARN]  core.raft: skipping new raft TLS config creation, keys are pending
2023-05-16T17:54:27.507+0100 [WARN]  core.raft: skipping new raft TLS config creation, keys are pending
2023-05-16T17:59:37.494+0100 [WARN]  core.raft: skipping new raft TLS config creation, keys are pending
2023-05-16T18:04:47.484+0100 [WARN]  core.raft: skipping new raft TLS config creation, keys are pending
2023-05-16T18:09:57.469+0100 [WARN]  core.raft: skipping new raft TLS config creation, keys are pending
2023-05-16T18:15:07.456+0100 [WARN]  core.raft: skipping new raft TLS config creation, keys are pending
2023-05-16T18:35:48.808+0100 [WARN]  core.raft: skipping new raft TLS config creation, keys are pending
2023-05-16T19:24:06.012+0100 [WARN]  core.raft: skipping new raft TLS config creation, keys are pending
2023-05-16T19:29:16.001+0100 [WARN]  core.raft: skipping new raft TLS config creation, keys are pending
2023-05-16T19:34:25.990+0100 [WARN]  core.raft: skipping new raft TLS config creation, keys are pending
2023-05-16T19:39:35.980+0100 [WARN]  core.raft: skipping new raft TLS config creation, keys are pending
2023-05-16T19:44:45.970+0100 [WARN]  core.raft: skipping new raft TLS config creation, keys are pending
2023-05-16T19:49:55.959+0100 [WARN]  core.raft: skipping new raft TLS config creation, keys are pending
2023-05-16T19:55:05.950+0100 [WARN]  core.raft: skipping new raft TLS config creation, keys are pending
2023-05-16T20:00:15.940+0100 [WARN]  core.raft: skipping new raft TLS config creation, keys are pending
2023-05-16T20:06:53.596+0100 [WARN]  core.raft: skipping new raft TLS config creation, keys are pending
2023-05-16T20:14:21.093+0100 [WARN]  core.raft: skipping new raft TLS config creation, keys are pending
2023-05-16T20:19:31.080+0100 [WARN]  core.raft: skipping new raft TLS config creation, keys are pending
2023-05-16T20:24:41.067+0100 [WARN]  core.raft: skipping new raft TLS config creation, keys are pending
2023-05-16T20:29:51.054+0100 [WARN]  core.raft: skipping new raft TLS config creation, keys are pending
2023-05-16T20:35:01.040+0100 [WARN]  core.raft: skipping new raft TLS config creation, keys are pending
2023-05-16T20:40:11.027+0100 [WARN]  core.raft: skipping new raft TLS config creation, keys are pending
2023-05-16T20:45:21.013+0100 [WARN]  core.raft: skipping new raft TLS config creation, keys are pending
2023-05-16T20:50:30.998+0100 [WARN]  core.raft: skipping new raft TLS config creation, keys are pending
2023-05-16T20:55:40.984+0100 [WARN]  core.raft: skipping new raft TLS config creation, keys are pending
2023-05-16T21:00:50.971+0100 [WARN]  core.raft: skipping new raft TLS config creation, keys are pending
2023-05-16T21:06:00.957+0100 [WARN]  core.raft: skipping new raft TLS config creation, keys are pending
2023-05-16T21:11:10.996+0100 [WARN]  core.raft: skipping new raft TLS config creation, keys are pending
2023-05-16T21:16:20.987+0100 [WARN]  core.raft: skipping new raft TLS config creation, keys are pending
2023-05-16T21:21:30.977+0100 [WARN]  core.raft: skipping new raft TLS config creation, keys are pending
2023-05-16T21:26:40.967+0100 [WARN]  core.raft: skipping new raft TLS config creation, keys are pending
2023-05-16T21:31:50.958+0100 [WARN]  core.raft: skipping new raft TLS config creation, keys are pending
2023-05-16T21:37:00.949+0100 [WARN]  core.raft: skipping new raft TLS config creation, keys are pending
2023-05-16T21:42:10.940+0100 [WARN]  core.raft: skipping new raft TLS config creation, keys are pending
2023-05-16T21:47:20.930+0100 [WARN]  core.raft: skipping new raft TLS config creation, keys are pending
2023-05-16T21:52:30.920+0100 [WARN]  core.raft: skipping new raft TLS config creation, keys are pending
2023-05-16T21:57:40.927+0100 [WARN]  core.raft: skipping new raft TLS config creation, keys are pending
2023-05-16T22:02:50.918+0100 [WARN]  core.raft: skipping new raft TLS config creation, keys are pending
2023-05-16T22:08:00.909+0100 [WARN]  core.raft: skipping new raft TLS config creation, keys are pending
2023-05-16T22:13:10.901+0100 [WARN]  core.raft: skipping new raft TLS config creation, keys are pending
2023-05-16T22:18:20.892+0100 [WARN]  core.raft: skipping new raft TLS config creation, keys are pending
2023-05-16T22:23:30.884+0100 [WARN]  core.raft: skipping new raft TLS config creation, keys are pending
2023-05-16T22:28:40.875+0100 [WARN]  core.raft: skipping new raft TLS config creation, keys are pending
2023-05-16T22:33:50.867+0100 [WARN]  core.raft: skipping new raft TLS config creation, keys are pending
2023-05-16T22:39:00.859+0100 [WARN]  core.raft: skipping new raft TLS config creation, keys are pending
2023-05-16T22:44:10.851+0100 [WARN]  core.raft: skipping new raft TLS config creation, keys are pending
2023-05-16T22:49:20.842+0100 [WARN]  core.raft: skipping new raft TLS config creation, keys are pending
2023-05-16T22:54:30.833+0100 [WARN]  core.raft: skipping new raft TLS config creation, keys are pending
2023-05-16T22:59:40.828+0100 [WARN]  core.raft: skipping new raft TLS config creation, keys are pending
2023-05-16T23:04:50.817+0100 [WARN]  core.raft: skipping new raft TLS config creation, keys are pending
2023-05-16T23:10:00.810+0100 [WARN]  core.raft: skipping new raft TLS config creation, keys are pending
2023-05-16T23:15:10.806+0100 [WARN]  core.raft: skipping new raft TLS config creation, keys are pending
2023-05-16T23:20:20.796+0100 [WARN]  core.raft: skipping new raft TLS config creation, keys are pending
2023-05-16T23:25:30.788+0100 [WARN]  core.raft: skipping new raft TLS config creation, keys are pending
2023-05-16T23:30:40.783+0100 [WARN]  core.raft: skipping new raft TLS config creation, keys are pending
2023-05-16T23:35:50.778+0100 [WARN]  core.raft: skipping new raft TLS config creation, keys are pending
2023-05-16T23:41:00.768+0100 [WARN]  core.raft: skipping new raft TLS config creation, keys are pending
2023-05-16T23:46:10.760+0100 [WARN]  core.raft: skipping new raft TLS config creation, keys are pending
2023-05-16T23:51:20.752+0100 [WARN]  core.raft: skipping new raft TLS config creation, keys are pending
2023-05-16T23:56:30.749+0100 [WARN]  core.raft: skipping new raft TLS config creation, keys are pending
2023-05-17T00:01:40.740+0100 [WARN]  core.raft: skipping new raft TLS config creation, keys are pending
2023-05-17T00:06:50.732+0100 [WARN]  core.raft: skipping new raft TLS config creation, keys are pending
2023-05-17T00:12:00.722+0100 [WARN]  core.raft: skipping new raft TLS config creation, keys are pending
2023-05-17T00:17:10.715+0100 [WARN]  core.raft: skipping new raft TLS config creation, keys are pending
2023-05-17T00:22:20.708+0100 [WARN]  core.raft: skipping new raft TLS config creation, keys are pending
2023-05-17T00:27:30.700+0100 [WARN]  core.raft: skipping new raft TLS config creation, keys are pending
2023-05-17T00:32:40.690+0100 [WARN]  core.raft: skipping new raft TLS config creation, keys are pending
2023-05-17T00:37:50.681+0100 [WARN]  core.raft: skipping new raft TLS config creation, keys are pending
2023-05-17T00:43:00.673+0100 [WARN]  core.raft: skipping new raft TLS config creation, keys are pending
2023-05-17T00:48:10.668+0100 [WARN]  core.raft: skipping new raft TLS config creation, keys are pending
2023-05-17T00:53:20.658+0100 [WARN]  core.raft: skipping new raft TLS config creation, keys are pending
2023-05-17T00:58:30.652+0100 [WARN]  core.raft: skipping new raft TLS config creation, keys are pending
2023-05-17T01:03:40.645+0100 [WARN]  core.raft: skipping new raft TLS config creation, keys are pending
2023-05-17T01:08:50.637+0100 [WARN]  core.raft: skipping new raft TLS config creation, keys are pending
2023-05-17T01:14:00.629+0100 [WARN]  core.raft: skipping new raft TLS config creation, keys are pending
2023-05-17T01:19:10.622+0100 [WARN]  core.raft: skipping new raft TLS config creation, keys are pending
2023-05-17T01:24:20.613+0100 [WARN]  core.raft: skipping new raft TLS config creation, keys are pending
2023-05-17T01:29:30.604+0100 [WARN]  core.raft: skipping new raft TLS config creation, keys are pending
2023-05-17T01:34:40.520+0100 [WARN]  core.raft: skipping new raft TLS config creation, keys are pending
2023-05-17T01:39:50.508+0100 [WARN]  core.raft: skipping new raft TLS config creation, keys are pending
2023-05-17T01:45:00.498+0100 [WARN]  core.raft: skipping new raft TLS config creation, keys are pending
2023-05-17T01:50:10.487+0100 [WARN]  core.raft: skipping new raft TLS config creation, keys are pending
2023-05-17T01:55:23.671+0100 [WARN]  core.raft: skipping new raft TLS config creation, keys are pending
2023-05-17T02:32:12.068+0100 [WARN]  core.raft: skipping new raft TLS config creation, keys are pending
2023-05-17T02:37:22.059+0100 [WARN]  core.raft: skipping new raft TLS config creation, keys are pending
2023-05-17T02:42:32.058+0100 [WARN]  core.raft: skipping new raft TLS config creation, keys are pending
2023-05-17T03:33:21.530+0100 [WARN]  core.raft: skipping new raft TLS config creation, keys are pending
2023-05-17T03:38:31.519+0100 [WARN]  core.raft: skipping new raft TLS config creation, keys are pending
2023-05-17T03:43:41.508+0100 [WARN]  core.raft: skipping new raft TLS config creation, keys are pending
2023-05-17T04:25:44.634+0100 [WARN]  core.raft: skipping new raft TLS config creation, keys are pending
2023-05-17T04:30:54.627+0100 [WARN]  core.raft: skipping new raft TLS config creation, keys are pending
2023-05-17T04:36:04.617+0100 [WARN]  core.raft: skipping new raft TLS config creation, keys are pending
2023-05-17T05:27:29.919+0100 [WARN]  core.raft: skipping new raft TLS config creation, keys are pending
2023-05-17T05:32:39.905+0100 [WARN]  core.raft: skipping new raft TLS config creation, keys are pending
2023-05-17T05:37:49.891+0100 [WARN]  core.raft: skipping new raft TLS config creation, keys are pending
2023-05-17T06:15:49.990+0100 [WARN]  core.raft: skipping new raft TLS config creation, keys are pending
2023-05-17T06:52:20.054+0100 [WARN]  core.raft: skipping new raft TLS config creation, keys are pending
2023-05-17T06:57:30.043+0100 [WARN]  core.raft: skipping new raft TLS config creation, keys are pending
2023-05-17T07:02:40.033+0100 [WARN]  core.raft: skipping new raft TLS config creation, keys are pending
2023-05-17T07:38:45.234+0100 [WARN]  core.raft: skipping new raft TLS config creation, keys are pending
2023-05-17T07:43:55.225+0100 [WARN]  core.raft: skipping new raft TLS config creation, keys are pending
2023-05-17T07:49:05.214+0100 [WARN]  core.raft: skipping new raft TLS config creation, keys are pending
2023-05-17T08:32:23.999+0100 [WARN]  core.raft: skipping new raft TLS config creation, keys are pending
2023-05-17T08:37:33.984+0100 [WARN]  core.raft: skipping new raft TLS config creation, keys are pending
2023-05-17T08:42:43.970+0100 [WARN]  core.raft: skipping new raft TLS config creation, keys are pending
2023-05-17T09:35:59.494+0100 [WARN]  core.raft: skipping new raft TLS config creation, keys are pending
2023-05-17T09:41:09.478+0100 [WARN]  core.raft: skipping new raft TLS config creation, keys are pending
2023-05-17T09:46:19.463+0100 [WARN]  core.raft: skipping new raft TLS config creation, keys are pending
2023-05-17T10:11:31.394+0100 [WARN]  core.raft: skipping new raft TLS config creation, keys are pending
2023-05-17T10:26:36.692+0100 [WARN]  core.raft: skipping new raft TLS config creation, keys are pending
2023-05-17T10:31:46.694+0100 [WARN]  core.raft: skipping new raft TLS config creation, keys are pending
2023-05-17T10:36:56.692+0100 [WARN]  core.raft: skipping new raft TLS config creation, keys are pending
2023-05-17T11:39:40.305+0100 [WARN]  core.raft: skipping new raft TLS config creation, keys are pending
2023-05-17T11:44:50.296+0100 [WARN]  core.raft: skipping new raft TLS config creation, keys are pending
2023-05-17T11:50:00.287+0100 [WARN]  core.raft: skipping new raft TLS config creation, keys are pending
2023-05-17T12:00:21.599+0100 [WARN]  core.raft: skipping new raft TLS config creation, keys are pending
2023-05-17T12:05:31.589+0100 [WARN]  core.raft: skipping new raft TLS config creation, keys are pending
2023-05-17T12:10:41.577+0100 [WARN]  core.raft: skipping new raft TLS config creation, keys are pending
2023-05-17T12:15:51.564+0100 [WARN]  core.raft: skipping new raft TLS config creation, keys are pending
2023-05-17T12:21:01.553+0100 [WARN]  core.raft: skipping new raft TLS config creation, keys are pending
2023-05-17T13:37:05.529+0100 [WARN]  core.raft: skipping new raft TLS config creation, keys are pending
2023-05-17T13:42:15.519+0100 [WARN]  core.raft: skipping new raft TLS config creation, keys are pending
2023-05-17T13:47:25.506+0100 [WARN]  core.raft: skipping new raft TLS config creation, keys are pending
2023-05-17T13:52:35.493+0100 [WARN]  core.raft: skipping new raft TLS config creation, keys are pending
2023-05-17T13:57:45.481+0100 [WARN]  core.raft: skipping new raft TLS config creation, keys are pending
2023-05-17T14:02:55.469+0100 [WARN]  core.raft: skipping new raft TLS config creation, keys are pending
2023-05-17T14:08:05.457+0100 [WARN]  core.raft: skipping new raft TLS config creation, keys are pending
2023-05-17T14:13:15.488+0100 [WARN]  core.raft: skipping new raft TLS config creation, keys are pending
2023-05-17T14:18:25.481+0100 [WARN]  core.raft: skipping new raft TLS config creation, keys are pending
2023-05-17T14:23:35.471+0100 [WARN]  core.raft: skipping new raft TLS config creation, keys are pending
2023-05-17T14:28:45.463+0100 [WARN]  core.raft: skipping new raft TLS config creation, keys are pending
2023-05-17T14:36:33.126+0100 [WARN]  core.raft: skipping new raft TLS config creation, keys are pending
2023-05-17T14:41:43.119+0100 [WARN]  core.raft: skipping new raft TLS config creation, keys are pending
2023-05-17T14:50:45.861+0100 [WARN]  core.raft: skipping new raft TLS config creation, keys are pending
2023-05-17T14:55:55.855+0100 [WARN]  core.raft: skipping new raft TLS config creation, keys are pending
2023-05-17T15:01:05.848+0100 [WARN]  core.raft: skipping new raft TLS config creation, keys are pending
2023-05-17T15:06:15.839+0100 [WARN]  core.raft: skipping new raft TLS config creation, keys are pending
2023-05-17T15:11:25.830+0100 [WARN]  core.raft: skipping new raft TLS config creation, keys are pending
2023-05-17T15:16:35.822+0100 [WARN]  core.raft: skipping new raft TLS config creation, keys are pending
2023-05-17T15:22:20.564+0100 [WARN]  core.raft: skipping new raft TLS config creation, keys are pending
2023-05-17T15:27:30.605+0100 [WARN]  core.raft: skipping new raft TLS config creation, keys are pending
2023-05-17T15:32:40.595+0100 [WARN]  core.raft: skipping new raft TLS config creation, keys are pending
2023-05-17T16:05:57.326+0100 [WARN]  core.raft: skipping new raft TLS config creation, keys are pending
2023-05-17T16:11:37.102+0100 [WARN]  core.raft: skipping new raft TLS config creation, keys are pending
2023-05-17T16:31:39.250+0100 [WARN]  core.raft: skipping new raft TLS config creation, keys are pending
2023-05-17T16:41:30.638+0100 [WARN]  core.raft: skipping new raft TLS config creation, keys are pending
2023-05-17T20:30:56.682+0100 [WARN]  core.raft: skipping new raft TLS config creation, keys are pending
2023-05-17T20:53:35.912+0100 [WARN]  core.raft: skipping new raft TLS config creation, keys are pending
2023-05-17T20:58:45.900+0100 [WARN]  core.raft: skipping new raft TLS config creation, keys are pending
2023-05-17T21:03:55.893+0100 [WARN]  core.raft: skipping new raft TLS config creation, keys are pending
2023-05-17T21:09:05.882+0100 [WARN]  core.raft: skipping new raft TLS config creation, keys are pending
2023-05-17T21:14:15.870+0100 [WARN]  core.raft: skipping new raft TLS config creation, keys are pending
2023-05-17T21:19:25.860+0100 [WARN]  core.raft: skipping new raft TLS config creation, keys are pending
2023-05-17T21:24:35.849+0100 [WARN]  core.raft: skipping new raft TLS config creation, keys are pending
2023-05-17T21:29:45.839+0100 [WARN]  core.raft: skipping new raft TLS config creation, keys are pending
2023-05-17T21:34:55.826+0100 [WARN]  core.raft: skipping new raft TLS config creation, keys are pending
2023-05-17T21:40:05.817+0100 [WARN]  core.raft: skipping new raft TLS config creation, keys are pending
2023-05-17T21:45:15.805+0100 [WARN]  core.raft: skipping new raft TLS config creation, keys are pending
2023-05-17T21:50:25.794+0100 [WARN]  core.raft: skipping new raft TLS config creation, keys are pending
2023-05-17T21:55:35.784+0100 [WARN]  core.raft: skipping new raft TLS config creation, keys are pending
2023-05-17T22:00:45.772+0100 [WARN]  core.raft: skipping new raft TLS config creation, keys are pending
2023-05-17T22:05:55.761+0100 [WARN]  core.raft: skipping new raft TLS config creation, keys are pending
2023-05-17T22:11:05.752+0100 [WARN]  core.raft: skipping new raft TLS config creation, keys are pending
2023-05-17T22:16:15.740+0100 [WARN]  core.raft: skipping new raft TLS config creation, keys are pending
2023-05-17T22:21:25.731+0100 [WARN]  core.raft: skipping new raft TLS config creation, keys are pending
2023-05-17T22:26:35.720+0100 [WARN]  core.raft: skipping new raft TLS config creation, keys are pending
2023-05-17T22:31:45.708+0100 [WARN]  core.raft: skipping new raft TLS config creation, keys are pending
2023-05-17T22:36:55.701+0100 [WARN]  core.raft: skipping new raft TLS config creation, keys are pending
2023-05-17T22:42:05.689+0100 [WARN]  core.raft: skipping new raft TLS config creation, keys are pending
2023-05-17T22:47:15.678+0100 [WARN]  core.raft: skipping new raft TLS config creation, keys are pending
2023-05-17T22:52:25.668+0100 [WARN]  core.raft: skipping new raft TLS config creation, keys are pending
2023-05-17T22:57:35.657+0100 [WARN]  core.raft: skipping new raft TLS config creation, keys are pending
2023-05-17T23:02:45.645+0100 [WARN]  core.raft: skipping new raft TLS config creation, keys are pending
2023-05-17T23:07:55.634+0100 [WARN]  core.raft: skipping new raft TLS config creation, keys are pending
2023-05-17T23:13:05.623+0100 [WARN]  core.raft: skipping new raft TLS config creation, keys are pending
2023-05-17T23:18:15.614+0100 [WARN]  core.raft: skipping new raft TLS config creation, keys are pending
2023-05-17T23:23:25.611+0100 [WARN]  core.raft: skipping new raft TLS config creation, keys are pending
2023-05-17T23:28:35.600+0100 [WARN]  core.raft: skipping new raft TLS config creation, keys are pending
2023-05-17T23:33:45.589+0100 [WARN]  core.raft: skipping new raft TLS config creation, keys are pending
2023-05-17T23:38:55.578+0100 [WARN]  core.raft: skipping new raft TLS config creation, keys are pending
2023-05-17T23:44:05.567+0100 [WARN]  core.raft: skipping new raft TLS config creation, keys are pending
2023-05-17T23:49:15.556+0100 [WARN]  core.raft: skipping new raft TLS config creation, keys are pending
2023-05-17T23:54:25.547+0100 [WARN]  core.raft: skipping new raft TLS config creation, keys are pending
2023-05-17T23:59:35.537+0100 [WARN]  core.raft: skipping new raft TLS config creation, keys are pending
2023-05-18T00:04:45.526+0100 [WARN]  core.raft: skipping new raft TLS config creation, keys are pending
2023-05-18T00:09:55.515+0100 [WARN]  core.raft: skipping new raft TLS config creation, keys are pending
2023-05-18T00:15:05.507+0100 [WARN]  core.raft: skipping new raft TLS config creation, keys are pending
2023-05-18T00:20:15.499+0100 [WARN]  core.raft: skipping new raft TLS config creation, keys are pending
2023-05-18T00:25:25.565+0100 [WARN]  core.raft: skipping new raft TLS config creation, keys are pending
2023-05-18T00:30:35.556+0100 [WARN]  core.raft: skipping new raft TLS config creation, keys are pending
2023-05-18T00:35:45.551+0100 [WARN]  core.raft: skipping new raft TLS config creation, keys are pending
2023-05-18T00:40:55.541+0100 [WARN]  core.raft: skipping new raft TLS config creation, keys are pending
2023-05-18T01:35:28.596+0100 [WARN]  core.raft: skipping new raft TLS config creation, keys are pending
2023-05-18T01:53:58.355+0100 [WARN]  core.raft: skipping new raft TLS config creation, keys are pending
2023-05-18T01:59:08.346+0100 [WARN]  core.raft: skipping new raft TLS config creation, keys are pending
2023-05-18T02:04:18.333+0100 [WARN]  core.raft: skipping new raft TLS config creation, keys are pending
2023-05-18T02:50:02.465+0100 [WARN]  core.raft: skipping new raft TLS config creation, keys are pending
2023-05-18T02:55:12.451+0100 [WARN]  core.raft: skipping new raft TLS config creation, keys are pending
2023-05-18T03:00:22.436+0100 [WARN]  core.raft: skipping new raft TLS config creation, keys are pending
2023-05-18T03:52:34.226+0100 [WARN]  core.raft: skipping new raft TLS config creation, keys are pending
2023-05-18T03:57:44.216+0100 [WARN]  core.raft: skipping new raft TLS config creation, keys are pending
2023-05-18T04:02:54.201+0100 [WARN]  core.raft: skipping new raft TLS config creation, keys are pending
2023-05-18T04:39:44.030+0100 [WARN]  core.raft: skipping new raft TLS config creation, keys are pending
2023-05-18T04:44:54.018+0100 [WARN]  core.raft: skipping new raft TLS config creation, keys are pending
2023-05-18T04:50:04.005+0100 [WARN]  core.raft: skipping new raft TLS config creation, keys are pending
2023-05-18T05:39:17.601+0100 [WARN]  core.raft: skipping new raft TLS config creation, keys are pending
2023-05-18T05:44:27.598+0100 [WARN]  core.raft: skipping new raft TLS config creation, keys are pending
2023-05-18T05:49:37.586+0100 [WARN]  core.raft: skipping new raft TLS config creation, keys are pending
2023-05-18T06:20:25.646+0100 [WARN]  core.raft: skipping new raft TLS config creation, keys are pending
2023-05-18T06:40:59.168+0100 [WARN]  core.raft: skipping new raft TLS config creation, keys are pending
2023-05-18T06:46:09.168+0100 [WARN]  core.raft: skipping new raft TLS config creation, keys are pending
2023-05-18T06:51:19.170+0100 [WARN]  core.raft: skipping new raft TLS config creation, keys are pending
2023-05-18T07:41:45.886+0100 [WARN]  core.raft: skipping new raft TLS config creation, keys are pending
2023-05-18T07:46:55.874+0100 [WARN]  core.raft: skipping new raft TLS config creation, keys are pending
2023-05-18T07:52:05.861+0100 [WARN]  core.raft: skipping new raft TLS config creation, keys are pending
2023-05-18T08:43:41.301+0100 [WARN]  core.raft: skipping new raft TLS config creation, keys are pending
2023-05-18T08:48:51.294+0100 [WARN]  core.raft: skipping new raft TLS config creation, keys are pending
2023-05-18T08:54:01.283+0100 [WARN]  core.raft: skipping new raft TLS config creation, keys are pending
2023-05-18T09:54:32.465+0100 [WARN]  core.raft: skipping new raft TLS config creation, keys are pending
2023-05-18T09:59:42.454+0100 [WARN]  core.raft: skipping new raft TLS config creation, keys are pending
2023-05-18T10:04:52.453+0100 [WARN]  core.raft: skipping new raft TLS config creation, keys are pending
2023-05-18T11:15:32.349+0100 [WARN]  core.raft: skipping new raft TLS config creation, keys are pending
2023-05-18T12:25:56.278+0100 [WARN]  core.raft: skipping new raft TLS config creation, keys are pending
2023-05-18T12:31:41.329+0100 [WARN]  core.raft: skipping new raft TLS config creation, keys are pending
2023-05-18T12:36:51.321+0100 [WARN]  core.raft: skipping new raft TLS config creation, keys are pending
2023-05-18T12:42:01.312+0100 [WARN]  core.raft: skipping new raft TLS config creation, keys are pending
2023-05-18T12:47:11.300+0100 [WARN]  core.raft: skipping new raft TLS config creation, keys are pending
2023-05-18T12:52:21.292+0100 [WARN]  core.raft: skipping new raft TLS config creation, keys are pending
2023-05-18T12:57:31.279+0100 [WARN]  core.raft: skipping new raft TLS config creation, keys are pending
2023-05-18T13:07:17.907+0100 [WARN]  core.raft: skipping new raft TLS config creation, keys are pending
2023-05-18T13:12:27.897+0100 [WARN]  core.raft: skipping new raft TLS config creation, keys are pending
2023-05-18T13:22:28.525+0100 [WARN]  core.raft: skipping new raft TLS config creation, keys are pending
2023-05-18T13:28:41.432+0100 [WARN]  core.raft: skipping new raft TLS config creation, keys are pending
2023-05-18T13:33:51.422+0100 [WARN]  core.raft: skipping new raft TLS config creation, keys are pending
2023-05-18T13:40:16.596+0100 [WARN]  core.raft: skipping new raft TLS config creation, keys are pending
2023-05-18T15:35:31.458+0100 [WARN]  core.raft: skipping new raft TLS config creation, keys are pending
2023-05-18T15:50:44.338+0100 [WARN]  core.raft: skipping new raft TLS config creation, keys are pending
2023-05-18T15:55:54.326+0100 [WARN]  core.raft: skipping new raft TLS config creation, keys are pending
2023-05-18T16:01:04.313+0100 [WARN]  core.raft: skipping new raft TLS config creation, keys are pending
2023-05-18T16:06:14.299+0100 [WARN]  core.raft: skipping new raft TLS config creation, keys are pending
2023-05-18T16:11:24.285+0100 [WARN]  core.raft: skipping new raft TLS config creation, keys are pending
2023-05-18T16:16:34.272+0100 [WARN]  core.raft: skipping new raft TLS config creation, keys are pending
2023-05-18T16:21:44.261+0100 [WARN]  core.raft: skipping new raft TLS config creation, keys are pending
2023-05-18T16:26:54.248+0100 [WARN]  core.raft: skipping new raft TLS config creation, keys are pending
2023-05-18T16:32:04.235+0100 [WARN]  core.raft: skipping new raft TLS config creation, keys are pending
2023-05-18T16:37:14.223+0100 [WARN]  core.raft: skipping new raft TLS config creation, keys are pending
2023-05-18T16:42:24.209+0100 [WARN]  core.raft: skipping new raft TLS config creation, keys are pending
2023-05-18T16:47:34.201+0100 [WARN]  core.raft: skipping new raft TLS config creation, keys are pending
2023-05-18T16:52:44.187+0100 [WARN]  core.raft: skipping new raft TLS config creation, keys are pending
2023-05-18T16:57:54.174+0100 [WARN]  core.raft: skipping new raft TLS config creation, keys are pending
2023-05-18T17:03:04.162+0100 [WARN]  core.raft: skipping new raft TLS config creation, keys are pending
2023-05-18T17:08:14.148+0100 [WARN]  core.raft: skipping new raft TLS config creation, keys are pending
2023-05-18T17:13:24.135+0100 [WARN]  core.raft: skipping new raft TLS config creation, keys are pending
2023-05-18T17:18:34.125+0100 [WARN]  core.raft: skipping new raft TLS config creation, keys are pending
2023-05-18T17:23:44.112+0100 [WARN]  core.raft: skipping new raft TLS config creation, keys are pending
2023-05-18T17:28:54.099+0100 [WARN]  core.raft: skipping new raft TLS config creation, keys are pending
2023-05-18T17:34:04.086+0100 [WARN]  core.raft: skipping new raft TLS config creation, keys are pending
2023-05-18T17:39:14.072+0100 [WARN]  core.raft: skipping new raft TLS config creation, keys are pending
2023-05-18T17:44:24.060+0100 [WARN]  core.raft: skipping new raft TLS config creation, keys are pending
2023-05-18T17:49:34.047+0100 [WARN]  core.raft: skipping new raft TLS config creation, keys are pending
2023-05-18T17:54:44.036+0100 [WARN]  core.raft: skipping new raft TLS config creation, keys are pending
2023-05-18T17:59:54.024+0100 [WARN]  core.raft: skipping new raft TLS config creation, keys are pending
2023-05-18T18:05:04.011+0100 [WARN]  core.raft: skipping new raft TLS config creation, keys are pending
2023-05-18T18:10:13.999+0100 [WARN]  core.raft: skipping new raft TLS config creation, keys are pending
2023-05-18T18:15:23.985+0100 [WARN]  core.raft: skipping new raft TLS config creation, keys are pending
2023-05-18T18:20:33.975+0100 [WARN]  core.raft: skipping new raft TLS config creation, keys are pending
2023-05-18T18:25:43.961+0100 [WARN]  core.raft: skipping new raft TLS config creation, keys are pending
2023-05-18T18:30:53.947+0100 [WARN]  core.raft: skipping new raft TLS config creation, keys are pending
2023-05-18T18:36:03.934+0100 [WARN]  core.raft: skipping new raft TLS config creation, keys are pending
2023-05-18T18:41:13.921+0100 [WARN]  core.raft: skipping new raft TLS config creation, keys are pending
2023-05-18T18:46:23.909+0100 [WARN]  core.raft: skipping new raft TLS config creation, keys are pending
2023-05-18T18:51:33.894+0100 [WARN]  core.raft: skipping new raft TLS config creation, keys are pending
2023-05-18T18:56:43.885+0100 [WARN]  core.raft: skipping new raft TLS config creation, keys are pending
2023-05-18T19:36:58.571+0100 [WARN]  core.raft: skipping new raft TLS config creation, keys are pending
2023-05-18T19:42:08.563+0100 [WARN]  core.raft: skipping new raft TLS config creation, keys are pending
2023-05-18T19:47:18.552+0100 [WARN]  core.raft: skipping new raft TLS config creation, keys are pending
2023-05-18T19:52:28.544+0100 [WARN]  core.raft: skipping new raft TLS config creation, keys are pending
2023-05-18T19:57:38.533+0100 [WARN]  core.raft: skipping new raft TLS config creation, keys are pending
2023-05-18T20:02:48.524+0100 [WARN]  core.raft: skipping new raft TLS config creation, keys are pending
2023-05-18T20:07:58.513+0100 [WARN]  core.raft: skipping new raft TLS config creation, keys are pending
2023-05-18T20:13:08.506+0100 [WARN]  core.raft: skipping new raft TLS config creation, keys are pending
2023-05-18T20:18:18.496+0100 [WARN]  core.raft: skipping new raft TLS config creation, keys are pending
2023-05-18T20:23:28.487+0100 [WARN]  core.raft: skipping new raft TLS config creation, keys are pending
2023-05-18T20:28:38.481+0100 [WARN]  core.raft: skipping new raft TLS config creation, keys are pending
2023-05-18T20:33:48.474+0100 [WARN]  core.raft: skipping new raft TLS config creation, keys are pending
2023-05-18T20:38:58.464+0100 [WARN]  core.raft: skipping new raft TLS config creation, keys are pending
2023-05-18T20:44:08.458+0100 [WARN]  core.raft: skipping new raft TLS config creation, keys are pending
2023-05-18T20:49:18.448+0100 [WARN]  core.raft: skipping new raft TLS config creation, keys are pending
2023-05-18T20:54:28.439+0100 [WARN]  core.raft: skipping new raft TLS config creation, keys are pending
2023-05-18T20:59:38.431+0100 [WARN]  core.raft: skipping new raft TLS config creation, keys are pending
2023-05-18T21:04:48.424+0100 [WARN]  core.raft: skipping new raft TLS config creation, keys are pending
2023-05-18T21:09:58.413+0100 [WARN]  core.raft: skipping new raft TLS config creation, keys are pending
2023-05-18T21:15:08.405+0100 [WARN]  core.raft: skipping new raft TLS config creation, keys are pending
2023-05-18T21:20:18.395+0100 [WARN]  core.raft: skipping new raft TLS config creation, keys are pending
2023-05-18T21:25:28.384+0100 [WARN]  core.raft: skipping new raft TLS config creation, keys are pending
2023-05-18T21:30:38.374+0100 [WARN]  core.raft: skipping new raft TLS config creation, keys are pending
2023-05-18T21:35:48.366+0100 [WARN]  core.raft: skipping new raft TLS config creation, keys are pending
2023-05-18T21:40:58.356+0100 [WARN]  core.raft: skipping new raft TLS config creation, keys are pending
2023-05-18T21:46:08.348+0100 [WARN]  core.raft: skipping new raft TLS config creation, keys are pending
2023-05-18T21:51:18.336+0100 [WARN]  core.raft: skipping new raft TLS config creation, keys are pending
2023-05-18T21:56:28.331+0100 [WARN]  core.raft: skipping new raft TLS config creation, keys are pending
2023-05-18T22:01:38.323+0100 [WARN]  core.raft: skipping new raft TLS config creation, keys are pending
2023-05-18T22:06:48.315+0100 [WARN]  core.raft: skipping new raft TLS config creation, keys are pending
2023-05-18T22:11:58.304+0100 [WARN]  core.raft: skipping new raft TLS config creation, keys are pending
2023-05-18T22:17:08.295+0100 [WARN]  core.raft: skipping new raft TLS config creation, keys are pending
2023-05-18T22:22:18.287+0100 [WARN]  core.raft: skipping new raft TLS config creation, keys are pending
2023-05-18T22:27:28.277+0100 [WARN]  core.raft: skipping new raft TLS config creation, keys are pending
2023-05-18T22:32:38.267+0100 [WARN]  core.raft: skipping new raft TLS config creation, keys are pending
2023-05-18T22:37:48.257+0100 [WARN]  core.raft: skipping new raft TLS config creation, keys are pending
2023-05-18T22:42:58.247+0100 [WARN]  core.raft: skipping new raft TLS config creation, keys are pending
2023-05-18T22:48:08.237+0100 [WARN]  core.raft: skipping new raft TLS config creation, keys are pending
2023-05-18T22:53:18.229+0100 [WARN]  core.raft: skipping new raft TLS config creation, keys are pending
2023-05-18T22:58:28.219+0100 [WARN]  core.raft: skipping new raft TLS config creation, keys are pending
2023-05-18T23:03:38.210+0100 [WARN]  core.raft: skipping new raft TLS config creation, keys are pending
2023-05-18T23:08:48.203+0100 [WARN]  core.raft: skipping new raft TLS config creation, keys are pending
2023-05-18T23:13:58.194+0100 [WARN]  core.raft: skipping new raft TLS config creation, keys are pending
2023-05-18T23:19:08.184+0100 [WARN]  core.raft: skipping new raft TLS config creation, keys are pending
2023-05-18T23:24:18.174+0100 [WARN]  core.raft: skipping new raft TLS config creation, keys are pending
2023-05-18T23:29:28.166+0100 [WARN]  core.raft: skipping new raft TLS config creation, keys are pending
2023-05-18T23:34:38.165+0100 [WARN]  core.raft: skipping new raft TLS config creation, keys are pending
2023-05-18T23:39:48.154+0100 [WARN]  core.raft: skipping new raft TLS config creation, keys are pending
2023-05-18T23:44:58.150+0100 [WARN]  core.raft: skipping new raft TLS config creation, keys are pending
2023-05-18T23:50:08.140+0100 [WARN]  core.raft: skipping new raft TLS config creation, keys are pending
2023-05-18T23:55:18.129+0100 [WARN]  core.raft: skipping new raft TLS config creation, keys are pending
2023-05-19T00:00:28.124+0100 [WARN]  core.raft: skipping new raft TLS config creation, keys are pending
2023-05-19T00:05:38.115+0100 [WARN]  core.raft: skipping new raft TLS config creation, keys are pending
2023-05-19T00:10:48.107+0100 [WARN]  core.raft: skipping new raft TLS config creation, keys are pending
2023-05-19T00:15:58.100+0100 [WARN]  core.raft: skipping new raft TLS config creation, keys are pending
2023-05-19T00:36:03.945+0100 [WARN]  core.raft: skipping new raft TLS config creation, keys are pending
2023-05-19T00:41:13.940+0100 [WARN]  core.raft: skipping new raft TLS config creation, keys are pending
2023-05-19T00:46:23.933+0100 [WARN]  core.raft: skipping new raft TLS config creation, keys are pending
2023-05-19T01:37:05.967+0100 [WARN]  core.raft: skipping new raft TLS config creation, keys are pending
2023-05-19T01:42:15.955+0100 [WARN]  core.raft: skipping new raft TLS config creation, keys are pending
2023-05-19T01:47:25.940+0100 [WARN]  core.raft: skipping new raft TLS config creation, keys are pending
2023-05-19T02:23:37.602+0100 [WARN]  core.raft: skipping new raft TLS config creation, keys are pending
2023-05-19T02:28:47.592+0100 [WARN]  core.raft: skipping new raft TLS config creation, keys are pending
2023-05-19T02:33:57.582+0100 [WARN]  core.raft: skipping new raft TLS config creation, keys are pending
2023-05-19T03:04:57.506+0100 [WARN]  core.raft: skipping new raft TLS config creation, keys are pending
2023-05-19T03:25:00.450+0100 [WARN]  core.raft: skipping new raft TLS config creation, keys are pending
2023-05-19T03:30:10.439+0100 [WARN]  core.raft: skipping new raft TLS config creation, keys are pending
2023-05-19T03:35:20.430+0100 [WARN]  core.raft: skipping new raft TLS config creation, keys are pending
2023-05-19T04:28:45.493+0100 [WARN]  core.raft: skipping new raft TLS config creation, keys are pending
2023-05-19T04:33:55.488+0100 [WARN]  core.raft: skipping new raft TLS config creation, keys are pending
2023-05-19T04:39:05.485+0100 [WARN]  core.raft: skipping new raft TLS config creation, keys are pending
2023-05-19T05:14:14.295+0100 [WARN]  core.raft: skipping new raft TLS config creation, keys are pending
2023-05-19T05:29:21.494+0100 [WARN]  core.raft: skipping new raft TLS config creation, keys are pending
2023-05-19T05:34:31.486+0100 [WARN]  core.raft: skipping new raft TLS config creation, keys are pending
2023-05-19T05:39:41.478+0100 [WARN]  core.raft: skipping new raft TLS config creation, keys are pending
2023-05-19T06:34:21.196+0100 [WARN]  core.raft: skipping new raft TLS config creation, keys are pending
2023-05-19T06:39:31.185+0100 [WARN]  core.raft: skipping new raft TLS config creation, keys are pending
2023-05-19T06:44:41.179+0100 [WARN]  core.raft: skipping new raft TLS config creation, keys are pending
2023-05-19T09:13:03.899+0100 [WARN]  core.raft: skipping new raft TLS config creation, keys are pending
2023-05-19T12:04:33.322+0100 [WARN]  core.raft: skipping new raft TLS config creation, keys are pending
2023-05-19T18:12:17.694+0100 [WARN]  core.raft: skipping new raft TLS config creation, keys are pending
2023-05-20T05:36:30.856+0100 [WARN]  core.raft: skipping new raft TLS config creation, keys are pending
2023-05-20T13:26:04.383+0100 [WARN]  core.raft: skipping new raft TLS config creation, keys are pending
2023-05-20T14:36:33.832+0100 [WARN]  core.raft: skipping new raft TLS config creation, keys are pending
2023-05-20T14:41:43.823+0100 [WARN]  core.raft: skipping new raft TLS config creation, keys are pending
2023-05-20T14:46:53.812+0100 [WARN]  core.raft: skipping new raft TLS config creation, keys are pending
2023-05-20T14:52:03.801+0100 [WARN]  core.raft: skipping new raft TLS config creation, keys are pending
2023-05-20T14:57:13.790+0100 [WARN]  core.raft: skipping new raft TLS config creation, keys are pending
2023-05-20T15:02:23.781+0100 [WARN]  core.raft: skipping new raft TLS config creation, keys are pending
2023-05-20T15:07:33.775+0100 [WARN]  core.raft: skipping new raft TLS config creation, keys are pending
2023-05-20T15:12:43.764+0100 [WARN]  core.raft: skipping new raft TLS config creation, keys are pending
2023-05-20T15:17:53.754+0100 [WARN]  core.raft: skipping new raft TLS config creation, keys are pending
2023-05-20T15:23:03.743+0100 [WARN]  core.raft: skipping new raft TLS config creation, keys are pending
2023-05-20T15:28:13.736+0100 [WARN]  core.raft: skipping new raft TLS config creation, keys are pending
2023-05-20T15:33:23.728+0100 [WARN]  core.raft: skipping new raft TLS config creation, keys are pending
2023-05-20T15:38:33.721+0100 [WARN]  core.raft: skipping new raft TLS config creation, keys are pending
2023-05-20T15:43:43.712+0100 [WARN]  core.raft: skipping new raft TLS config creation, keys are pending
2023-05-20T15:48:53.702+0100 [WARN]  core.raft: skipping new raft TLS config creation, keys are pending
2023-05-20T15:54:03.693+0100 [WARN]  core.raft: skipping new raft TLS config creation, keys are pending
2023-05-20T15:59:13.686+0100 [WARN]  core.raft: skipping new raft TLS config creation, keys are pending
2023-05-20T16:04:23.677+0100 [WARN]  core.raft: skipping new raft TLS config creation, keys are pending
2023-05-20T16:09:33.669+0100 [WARN]  core.raft: skipping new raft TLS config creation, keys are pending
2023-05-20T16:14:43.660+0100 [WARN]  core.raft: skipping new raft TLS config creation, keys are pending
2023-05-20T16:19:53.649+0100 [WARN]  core.raft: skipping new raft TLS config creation, keys are pending
2023-05-20T16:25:03.640+0100 [WARN]  core.raft: skipping new raft TLS config creation, keys are pending
2023-05-20T16:30:13.628+0100 [WARN]  core.raft: skipping new raft TLS config creation, keys are pending
2023-05-20T16:35:23.618+0100 [WARN]  core.raft: skipping new raft TLS config creation, keys are pending
2023-05-20T16:40:33.609+0100 [WARN]  core.raft: skipping new raft TLS config creation, keys are pending
2023-05-20T16:45:43.601+0100 [WARN]  core.raft: skipping new raft TLS config creation, keys are pending
2023-05-20T16:50:53.592+0100 [WARN]  core.raft: skipping new raft TLS config creation, keys are pending
2023-05-20T16:56:03.583+0100 [WARN]  core.raft: skipping new raft TLS config creation, keys are pending
2023-05-20T17:01:13.576+0100 [WARN]  core.raft: skipping new raft TLS config creation, keys are pending
2023-05-20T19:35:15.116+0100 [WARN]  core.raft: skipping new raft TLS config creation, keys are pending
2023-05-20T19:42:01.580+0100 [WARN]  core.raft: skipping new raft TLS config creation, keys are pending
2023-05-20T19:47:11.581+0100 [WARN]  core.raft: skipping new raft TLS config creation, keys are pending
2023-05-20T19:52:21.583+0100 [WARN]  core.raft: skipping new raft TLS config creation, keys are pending
2023-05-20T19:57:31.585+0100 [WARN]  core.raft: skipping new raft TLS config creation, keys are pending
2023-05-20T20:02:41.587+0100 [WARN]  core.raft: skipping new raft TLS config creation, keys are pending
2023-05-20T20:07:51.588+0100 [WARN]  core.raft: skipping new raft TLS config creation, keys are pending
2023-05-20T20:13:01.590+0100 [WARN]  core.raft: skipping new raft TLS config creation, keys are pending
2023-05-20T20:18:11.593+0100 [WARN]  core.raft: skipping new raft TLS config creation, keys are pending
2023-05-20T20:23:21.594+0100 [WARN]  core.raft: skipping new raft TLS config creation, keys are pending
2023-05-20T20:28:31.596+0100 [WARN]  core.raft: skipping new raft TLS config creation, keys are pending
2023-05-20T20:33:41.599+0100 [WARN]  core.raft: skipping new raft TLS config creation, keys are pending
2023-05-20T20:38:51.607+0100 [WARN]  core.raft: skipping new raft TLS config creation, keys are pending
2023-05-20T20:44:01.613+0100 [WARN]  core.raft: skipping new raft TLS config creation, keys are pending
2023-05-20T21:54:49.560+0100 [WARN]  core.raft: skipping new raft TLS config creation, keys are pending
2023-05-20T21:59:59.546+0100 [WARN]  core.raft: skipping new raft TLS config creation, keys are pending
2023-05-20T22:05:09.530+0100 [WARN]  core.raft: skipping new raft TLS config creation, keys are pending
2023-05-20T22:10:19.513+0100 [WARN]  core.raft: skipping new raft TLS config creation, keys are pending
2023-05-20T22:22:03.891+0100 [WARN]  core.raft: skipping new raft TLS config creation, keys are pending
2023-05-20T22:27:13.899+0100 [WARN]  core.raft: skipping new raft TLS config creation, keys are pending
2023-05-20T22:32:23.904+0100 [WARN]  core.raft: skipping new raft TLS config creation, keys are pending
2023-05-20T22:37:33.908+0100 [WARN]  core.raft: skipping new raft TLS config creation, keys are pending
2023-05-20T22:42:43.915+0100 [WARN]  core.raft: skipping new raft TLS config creation, keys are pending
2023-05-20T22:47:53.922+0100 [WARN]  core.raft: skipping new raft TLS config creation, keys are pending
2023-05-20T22:53:03.926+0100 [WARN]  core.raft: skipping new raft TLS config creation, keys are pending
2023-05-20T22:58:13.837+0100 [WARN]  core.raft: skipping new raft TLS config creation, keys are pending
2023-05-20T23:28:26.423+0100 [WARN]  core.raft: skipping new raft TLS config creation, keys are pending
2023-05-20T23:33:36.415+0100 [WARN]  core.raft: skipping new raft TLS config creation, keys are pending
2023-05-20T23:38:46.404+0100 [WARN]  core.raft: skipping new raft TLS config creation, keys are pending
2023-05-20T23:43:56.395+0100 [WARN]  core.raft: skipping new raft TLS config creation, keys are pending
2023-05-20T23:49:06.384+0100 [WARN]  core.raft: skipping new raft TLS config creation, keys are pending
2023-05-20T23:54:16.375+0100 [WARN]  core.raft: skipping new raft TLS config creation, keys are pending
2023-05-20T23:59:26.365+0100 [WARN]  core.raft: skipping new raft TLS config creation, keys are pending
2023-05-21T00:04:36.357+0100 [WARN]  core.raft: skipping new raft TLS config creation, keys are pending
2023-05-21T00:09:46.347+0100 [WARN]  core.raft: skipping new raft TLS config creation, keys are pending
2023-05-21T00:14:56.338+0100 [WARN]  core.raft: skipping new raft TLS config creation, keys are pending
2023-05-21T00:20:06.329+0100 [WARN]  core.raft: skipping new raft TLS config creation, keys are pending
2023-05-21T00:25:16.322+0100 [WARN]  core.raft: skipping new raft TLS config creation, keys are pending
2023-05-21T00:30:26.312+0100 [WARN]  core.raft: skipping new raft TLS config creation, keys are pending
2023-05-21T00:35:36.303+0100 [WARN]  core.raft: skipping new raft TLS config creation, keys are pending
2023-05-21T00:40:46.296+0100 [WARN]  core.raft: skipping new raft TLS config creation, keys are pending
2023-05-21T00:45:56.286+0100 [WARN]  core.raft: skipping new raft TLS config creation, keys are pending
2023-05-21T00:51:06.279+0100 [WARN]  core.raft: skipping new raft TLS config creation, keys are pending
2023-05-21T01:11:29.117+0100 [WARN]  core.raft: skipping new raft TLS config creation, keys are pending
2023-05-21T01:59:00.110+0100 [WARN]  core.raft: skipping new raft TLS config creation, keys are pending
2023-05-21T02:04:10.098+0100 [WARN]  core.raft: skipping new raft TLS config creation, keys are pending
2023-05-21T02:09:20.087+0100 [WARN]  core.raft: skipping new raft TLS config creation, keys are pending
2023-05-21T02:45:29.203+0100 [WARN]  core.raft: skipping new raft TLS config creation, keys are pending
2023-05-21T02:50:39.193+0100 [WARN]  core.raft: skipping new raft TLS config creation, keys are pending
2023-05-21T02:55:49.182+0100 [WARN]  core.raft: skipping new raft TLS config creation, keys are pending
2023-05-21T03:49:21.659+0100 [WARN]  core.raft: skipping new raft TLS config creation, keys are pending
2023-05-21T03:54:31.649+0100 [WARN]  core.raft: skipping new raft TLS config creation, keys are pending
2023-05-21T03:59:41.637+0100 [WARN]  core.raft: skipping new raft TLS config creation, keys are pending
2023-05-21T04:35:55.593+0100 [WARN]  core.raft: skipping new raft TLS config creation, keys are pending
2023-05-21T04:56:16.073+0100 [WARN]  core.raft: skipping new raft TLS config creation, keys are pending
2023-05-21T05:01:26.064+0100 [WARN]  core.raft: skipping new raft TLS config creation, keys are pending
2023-05-21T05:06:36.052+0100 [WARN]  core.raft: skipping new raft TLS config creation, keys are pending
2023-05-21T05:56:38.917+0100 [WARN]  core.raft: skipping new raft TLS config creation, keys are pending
2023-05-21T06:01:48.905+0100 [WARN]  core.raft: skipping new raft TLS config creation, keys are pending
2023-05-21T06:06:58.895+0100 [WARN]  core.raft: skipping new raft TLS config creation, keys are pending
2023-05-21T06:44:21.696+0100 [WARN]  core.raft: skipping new raft TLS config creation, keys are pending
2023-05-21T06:49:31.682+0100 [WARN]  core.raft: skipping new raft TLS config creation, keys are pending
2023-05-21T06:54:41.667+0100 [WARN]  core.raft: skipping new raft TLS config creation, keys are pending
2023-05-21T07:46:21.186+0100 [WARN]  core.raft: skipping new raft TLS config creation, keys are pending
2023-05-21T07:51:31.182+0100 [WARN]  core.raft: skipping new raft TLS config creation, keys are pending
2023-05-21T07:56:41.179+0100 [WARN]  core.raft: skipping new raft TLS config creation, keys are pending
2023-05-21T08:37:11.440+0100 [WARN]  core.raft: skipping new raft TLS config creation, keys are pending
2023-05-21T08:57:53.968+0100 [WARN]  core.raft: skipping new raft TLS config creation, keys are pending
2023-05-21T09:03:03.960+0100 [WARN]  core.raft: skipping new raft TLS config creation, keys are pending
2023-05-21T09:24:21.566+0100 [WARN]  core.raft: skipping new raft TLS config creation, keys are pending
2023-05-21T10:00:48.409+0100 [WARN]  core.raft: skipping new raft TLS config creation, keys are pending
2023-05-21T10:05:58.418+0100 [WARN]  core.raft: skipping new raft TLS config creation, keys are pending
2023-05-21T10:11:08.427+0100 [WARN]  core.raft: skipping new raft TLS config creation, keys are pending
2023-05-21T10:46:14.846+0100 [WARN]  core.raft: skipping new raft TLS config creation, keys are pending
2023-05-21T10:51:24.841+0100 [WARN]  core.raft: skipping new raft TLS config creation, keys are pending
2023-05-21T10:56:34.836+0100 [WARN]  core.raft: skipping new raft TLS config creation, keys are pending
2023-05-21T11:01:44.829+0100 [WARN]  core.raft: skipping new raft TLS config creation, keys are pending
2023-05-21T12:04:12.814+0100 [WARN]  core.raft: skipping new raft TLS config creation, keys are pending
2023-05-21T12:11:03.016+0100 [WARN]  core.raft: skipping new raft TLS config creation, keys are pending
2023-05-21T12:16:13.007+0100 [WARN]  core.raft: skipping new raft TLS config creation, keys are pending
2023-05-21T12:21:22.994+0100 [WARN]  core.raft: skipping new raft TLS config creation, keys are pending
2023-05-21T12:26:32.981+0100 [WARN]  core.raft: skipping new raft TLS config creation, keys are pending
2023-05-21T12:31:42.968+0100 [WARN]  core.raft: skipping new raft TLS config creation, keys are pending
